Database either not detected or initialized. Starting bot without database connection.
Error in ls: path is a required argument that is missing.
Error in ls: Command raised an exception: FileNotFoundError: [Errno 2] No such file or directory: 'mnt'
Error in cmd: Expected space after closing quotation but received 'e'
Error in cmd: Command raised an exception: CalledProcessError: Command ''echo' returned non-zero exit status 2.
Error in cmd: Command raised an exception: CalledProcessError: Command ''echo' returned non-zero exit status 2.
Error in cmd: Unexpected quote mark, '"', in non-quoted string
Error in ls: Command raised an exception: NotADirectoryError: [Errno 20] Not a directory: 'out'
Error in ls: Command raised an exception: NotADirectoryError: [Errno 20] Not a directory: './out'
Error in ls: Command raised an exception: FileNotFoundError: [Errno 2] No such file or directory: '/out'
Error in touch: file is a required argument that is missing.
Error in sfuser: path is a required argument that is missing.
Error in sfuser: Command raised an exception: UnboundLocalError: local variable 'user' referenced before assignment
Error in sfuser: Command raised an exception: UnboundLocalError: local variable 'user' referenced before assignment
Error in sfch: Command raised an exception: UnboundLocalError: local variable 'ch' referenced before assignment
Error in sfch: Command raised an exception: UnboundLocalError: local variable 'ch' referenced before assignment
Error in sfch: Command raised an exception: UnboundLocalError: local variable 'ch' referenced before assignment
Error in changegame: gameName is a required argument that is missing.
Error in whois: Member "310496481435975693" not found.
Error in whois: Member "<@!310496481435975693>" not found.
Error in lschannels: guildid is a required argument that is missing.
Error in lschannels: Command raised an exception: AttributeError: 'NoneType' object has no attribute 'channels'
Error in sfch: Command raised an exception: UnboundLocalError: local variable 'ch' referenced before assignment
Error in cat: Command raised an exception: HTTPException: 400 Bad Request (error code: 50035): Invalid Form Body
In content: Must be 4000 or fewer in length.
Database either not detected or initialized. Starting bot without database connection.
Error in ls: Command raised an exception: FileNotFoundError: [Errno 2] No such file or directory: '/chatlogs'
Error in sfch: Command raised an exception: ValueError: invalid literal for int() with base 10: 'chatlogs/945368769331626044.log'
Error in lsusers: Command raised an exception: AttributeError: 'NoneType' object has no attribute 'members'
Error in lschannels: Command raised an exception: AttributeError: 'NoneType' object has no attribute 'channels'
Error in echo: Command raised an exception: HTTPException: 400 Bad Request (error code: 50006): Cannot send an empty message
Error in echo: Command raised an exception: Forbidden: 403 Forbidden (error code: 50001): Missing Access
Error in echo: Command raised an exception: Forbidden: 403 Forbidden (error code: 50001): Missing Access
Error in echo: Command raised an exception: Forbidden: 403 Forbidden (error code: 50001): Missing Access
Error in echo: Command raised an exception: HTTPException: 400 Bad Request (error code: 50006): Cannot send an empty message
Error in lsusers: Command raised an exception: AttributeError: 'NoneType' object has no attribute 'members'
Error in lsusers: Command raised an exception: AttributeError: 'NoneType' object has no attribute 'members'
Error in nickname: Bot requires Manage Nicknames permission(s) to run this command.
Error in commands: Command raised an exception: AttributeError: 'GoddessBlackHeartBot' object has no attribute 'commands_used'
Error in restart: You do not own this bot.
Error in echo: Command raised an exception: ValueError: invalid literal for int() with base 10: 'fuck'
Error in echo: Command raised an exception: Forbidden: 403 Forbidden (error code: 50013): Missing Permissions
Error in echo: Command raised an exception: ValueError: invalid literal for int() with base 10: 'y'
Error in echo: Command raised an exception: ValueError: invalid literal for int() with base 10: 'y'
Error in echo: Command raised an exception: ValueError: invalid literal for int() with base 10: 'y'
Error in echo: Command raised an exception: ValueError: invalid literal for int() with base 10: 'y'
Error in echo: Command raised an exception: ValueError: invalid literal for int() with base 10: 'y'
Error in echo: Command raised an exception: ValueError: invalid literal for int() with base 10: 'y'
Error in echo: Command raised an exception: ValueError: invalid literal for int() with base 10: 'y'
Error in echo: Command raised an exception: ValueError: invalid literal for int() with base 10: 'y'
Error in echo: Command raised an exception: ValueError: invalid literal for int() with base 10: 'y'
Error in echo: Command raised an exception: ValueError: invalid literal for int() with base 10: 'y'
Error in echo: Command raised an exception: ValueError: invalid literal for int() with base 10: 'y'
Error in echo: Command raised an exception: ValueError: invalid literal for int() with base 10: 'y'
Error in echo: Command raised an exception: ValueError: invalid literal for int() with base 10: 'y'
Error in echo: Command raised an exception: ValueError: invalid literal for int() with base 10: 'y'
Error in echo: Command raised an exception: ValueError: invalid literal for int() with base 10: 'y'
Error in echo: Command raised an exception: ValueError: invalid literal for int() with base 10: 'y'
Error in echo: Command raised an exception: ValueError: invalid literal for int() with base 10: 'y'
Error in echo: Command raised an exception: ValueError: invalid literal for int() with base 10: 'y'
Error in echo: Command raised an exception: ValueError: invalid literal for int() with base 10: 'y'
Error in echo: Command raised an exception: ValueError: invalid literal for int() with base 10: 'y'
Error in echo: Command raised an exception: ValueError: invalid literal for int() with base 10: 'y'
Error in echo: Command raised an exception: ValueError: invalid literal for int() with base 10: 'y'
Error in echo: Command raised an exception: ValueError: invalid literal for int() with base 10: 'y'
Error in echo: Command raised an exception: ValueError: invalid literal for int() with base 10: '<:sus:897204560614031461>'
Error in changegame: gameType is a required argument that is missing.
Error in restart: Command raised an exception: RuntimeError: Session is closed
Database either not detected or initialized. Starting bot without database connection.
Database either not detected or initialized. Starting bot without database connection.
Database either not detected or initialized. Starting bot without database connection.
Database either not detected or initialized. Starting bot without database connection.
Error in test: Command raised an exception: AttributeError: 'GoddessBlackHeartBot' object has no attribute 'AppInfo'
Database either not detected or initialized. Starting bot without database connection.
Database either not detected or initialized. Starting bot without database connection.
Error in test: Command raised an exception: AttributeError: 'GoddessBlackHeartBot' object has no attribute 'AppInfo'
Database either not detected or initialized. Starting bot without database connection.
Database either not detected or initialized. Starting bot without database connection.
Database either not detected or initialized. Starting bot without database connection.
