0 info it worked if it ends with ok
1 verbose cli [ '/usr/bin/node',
1 verbose cli   '/usr/bin/npm',
1 verbose cli   'install',
1 verbose cli   'discord-rpc',
1 verbose cli   'node-register-scheme',
1 verbose cli   '-g' ]
2 info using npm@3.5.2
3 info using node@v8.10.0
4 silly loadCurrentTree Starting
5 silly install loadCurrentTree
6 silly install readGlobalPackageData
7 silly fetchPackageMetaData discord-rpc
8 silly fetchPackageMetaData node-register-scheme
9 silly fetchNamedPackageData discord-rpc
10 silly mapToRegistry name discord-rpc
11 silly mapToRegistry using default registry
12 silly mapToRegistry registry https://registry.npmjs.org/
13 silly mapToRegistry uri https://registry.npmjs.org/discord-rpc
14 silly fetchNamedPackageData node-register-scheme
15 silly mapToRegistry name node-register-scheme
16 silly mapToRegistry using default registry
17 silly mapToRegistry registry https://registry.npmjs.org/
18 silly mapToRegistry uri https://registry.npmjs.org/node-register-scheme
19 verbose request uri https://registry.npmjs.org/node-register-scheme
20 verbose request no auth needed
21 info attempt registry request try #1 at 6:27:46 PM
22 verbose request id 2942d33c47c93a20
23 http request GET https://registry.npmjs.org/node-register-scheme
24 verbose request uri https://registry.npmjs.org/discord-rpc
25 verbose request no auth needed
26 info attempt registry request try #1 at 6:27:46 PM
27 verbose etag W/"b1764c1047ea8bcb439ff70111d3d7aa"
28 verbose lastModified Thu, 12 Sep 2019 22:43:02 GMT
29 http request GET https://registry.npmjs.org/discord-rpc
30 http 304 https://registry.npmjs.org/discord-rpc
31 verbose headers { date: 'Fri, 03 Apr 2020 22:27:47 GMT',
31 verbose headers   connection: 'keep-alive',
31 verbose headers   'set-cookie':
31 verbose headers    [ '__cfduid=df9ead015d41622652f718fbc7e8977341585952867; expires=Sun, 03-May-20 22:27:47 GMT; path=/; domain=.npmjs.org; HttpOnly; SameSite=Lax' ],
31 verbose headers   'cf-ray': '57e6380abcebcf40-IAD',
31 verbose headers   age: '3907',
31 verbose headers   'cache-control': 'public, max-age=300',
31 verbose headers   etag: '"b1764c1047ea8bcb439ff70111d3d7aa"',
31 verbose headers   'last-modified': 'Thu, 12 Sep 2019 22:43:02 GMT',
31 verbose headers   vary: 'Accept-Encoding',
31 verbose headers   'cf-cache-status': 'HIT',
31 verbose headers   'expect-ct': 'max-age=604800, report-uri="https://report-uri.cloudflare.com/cdn-cgi/beacon/expect-ct"',
31 verbose headers   server: 'cloudflare' }
32 silly get cb [ 304,
32 silly get   { date: 'Fri, 03 Apr 2020 22:27:47 GMT',
32 silly get     connection: 'keep-alive',
32 silly get     'set-cookie':
32 silly get      [ '__cfduid=df9ead015d41622652f718fbc7e8977341585952867; expires=Sun, 03-May-20 22:27:47 GMT; path=/; domain=.npmjs.org; HttpOnly; SameSite=Lax' ],
32 silly get     'cf-ray': '57e6380abcebcf40-IAD',
32 silly get     age: '3907',
32 silly get     'cache-control': 'public, max-age=300',
32 silly get     etag: '"b1764c1047ea8bcb439ff70111d3d7aa"',
32 silly get     'last-modified': 'Thu, 12 Sep 2019 22:43:02 GMT',
32 silly get     vary: 'Accept-Encoding',
32 silly get     'cf-cache-status': 'HIT',
32 silly get     'expect-ct': 'max-age=604800, report-uri="https://report-uri.cloudflare.com/cdn-cgi/beacon/expect-ct"',
32 silly get     server: 'cloudflare' } ]
33 verbose etag https://registry.npmjs.org/discord-rpc from cache
34 verbose get saving discord-rpc to /home/noire/.npm/registry.npmjs.org/discord-rpc/.cache.json
35 http 404 https://registry.npmjs.org/node-register-scheme
36 verbose headers { date: 'Fri, 03 Apr 2020 22:27:47 GMT',
36 verbose headers   'content-type': 'application/json',
36 verbose headers   'content-length': '21',
36 verbose headers   connection: 'keep-alive',
36 verbose headers   'set-cookie':
36 verbose headers    [ '__cfduid=d759cd8b87a5cf720c8e47e90c70d01931585952867; expires=Sun, 03-May-20 22:27:47 GMT; path=/; domain=.npmjs.org; HttpOnly; SameSite=Lax' ],
36 verbose headers   'cf-ray': '57e6380ac8937497-IAD',
36 verbose headers   vary: 'Accept-Encoding',
36 verbose headers   'cf-cache-status': 'MISS',
36 verbose headers   'expect-ct': 'max-age=604800, report-uri="https://report-uri.cloudflare.com/cdn-cgi/beacon/expect-ct"',
36 verbose headers   server: 'cloudflare' }
37 silly get cb [ 404,
37 silly get   { date: 'Fri, 03 Apr 2020 22:27:47 GMT',
37 silly get     'content-type': 'application/json',
37 silly get     'content-length': '21',
37 silly get     connection: 'keep-alive',
37 silly get     'set-cookie':
37 silly get      [ '__cfduid=d759cd8b87a5cf720c8e47e90c70d01931585952867; expires=Sun, 03-May-20 22:27:47 GMT; path=/; domain=.npmjs.org; HttpOnly; SameSite=Lax' ],
37 silly get     'cf-ray': '57e6380ac8937497-IAD',
37 silly get     vary: 'Accept-Encoding',
37 silly get     'cf-cache-status': 'MISS',
37 silly get     'expect-ct': 'max-age=604800, report-uri="https://report-uri.cloudflare.com/cdn-cgi/beacon/expect-ct"',
37 silly get     server: 'cloudflare' } ]
38 silly fetchPackageMetaData Error: Not found : node-register-scheme
38 silly fetchPackageMetaData     at makeError (/usr/share/npm/node_modules/npm-registry-client/lib/request.js:264:12)
38 silly fetchPackageMetaData     at CachingRegistryClient.<anonymous> (/usr/share/npm/node_modules/npm-registry-client/lib/request.js:252:14)
38 silly fetchPackageMetaData     at Request._callback (/usr/share/npm/node_modules/npm-registry-client/lib/request.js:172:14)
38 silly fetchPackageMetaData     at Request.self.callback (/usr/share/npm/node_modules/request/request.js:198:22)
38 silly fetchPackageMetaData     at emitTwo (events.js:126:13)
38 silly fetchPackageMetaData     at Request.emit (events.js:214:7)
38 silly fetchPackageMetaData     at Request.<anonymous> (/usr/share/npm/node_modules/request/request.js:1082:10)
38 silly fetchPackageMetaData     at emitOne (events.js:121:20)
38 silly fetchPackageMetaData     at Request.emit (events.js:211:7)
38 silly fetchPackageMetaData     at IncomingMessage.<anonymous> (/usr/share/npm/node_modules/request/request.js:1009:12)
38 silly fetchPackageMetaData  error for node-register-scheme { Error: Not found : node-register-scheme
38 silly fetchPackageMetaData     at makeError (/usr/share/npm/node_modules/npm-registry-client/lib/request.js:264:12)
38 silly fetchPackageMetaData     at CachingRegistryClient.<anonymous> (/usr/share/npm/node_modules/npm-registry-client/lib/request.js:252:14)
38 silly fetchPackageMetaData     at Request._callback (/usr/share/npm/node_modules/npm-registry-client/lib/request.js:172:14)
38 silly fetchPackageMetaData     at Request.self.callback (/usr/share/npm/node_modules/request/request.js:198:22)
38 silly fetchPackageMetaData     at emitTwo (events.js:126:13)
38 silly fetchPackageMetaData     at Request.emit (events.js:214:7)
38 silly fetchPackageMetaData     at Request.<anonymous> (/usr/share/npm/node_modules/request/request.js:1082:10)
38 silly fetchPackageMetaData     at emitOne (events.js:121:20)
38 silly fetchPackageMetaData     at Request.emit (events.js:211:7)
38 silly fetchPackageMetaData     at IncomingMessage.<anonymous> (/usr/share/npm/node_modules/request/request.js:1009:12) pkgid: 'node-register-scheme', statusCode: 404, code: 'E404' }
39 silly rollbackFailedOptional Starting
40 silly rollbackFailedOptional Finishing
41 silly runTopLevelLifecycles Starting
42 silly runTopLevelLifecycles Finishing
43 silly install printInstalled
44 verbose stack Error: Not found : node-register-scheme
44 verbose stack     at makeError (/usr/share/npm/node_modules/npm-registry-client/lib/request.js:264:12)
44 verbose stack     at CachingRegistryClient.<anonymous> (/usr/share/npm/node_modules/npm-registry-client/lib/request.js:252:14)
44 verbose stack     at Request._callback (/usr/share/npm/node_modules/npm-registry-client/lib/request.js:172:14)
44 verbose stack     at Request.self.callback (/usr/share/npm/node_modules/request/request.js:198:22)
44 verbose stack     at emitTwo (events.js:126:13)
44 verbose stack     at Request.emit (events.js:214:7)
44 verbose stack     at Request.<anonymous> (/usr/share/npm/node_modules/request/request.js:1082:10)
44 verbose stack     at emitOne (events.js:121:20)
44 verbose stack     at Request.emit (events.js:211:7)
44 verbose stack     at IncomingMessage.<anonymous> (/usr/share/npm/node_modules/request/request.js:1009:12)
45 verbose statusCode 404
46 verbose pkgid node-register-scheme
47 verbose cwd /home/noire/Documents/GoddessBlackHeartBot
48 error Linux 5.3.0-45-generic
49 error argv "/usr/bin/node" "/usr/bin/npm" "install" "discord-rpc" "node-register-scheme" "-g"
50 error node v8.10.0
51 error npm  v3.5.2
52 error code E404
53 error 404 Not found : node-register-scheme
54 error 404
55 error 404 'node-register-scheme' is not in the npm registry.
56 error 404 You should bug the author to publish it (or use the name yourself!)
57 error 404 Note that you can also install from a
58 error 404 tarball, folder, http url, or git url.
59 verbose exit [ 1, true ]
